<?xml version="1.0" encoding="utf-8" standalone="no"?>
<test-results xmlns:xsi="http://www.w3.org/2001/XMLSchema-instance" xsi:noNamespaceSchemaLocation="nunit_schema_2.5.xsd" name="Pester" total="1" errors="0" failures="0" not-run="0" inconclusive="0" ignored="0" skipped="0" invalid="0" date="2025-08-14" time="22:06:29">
  <environment platform="Darwin" clr-version="9.0.6" nunit-version="2.5.8.0" user="brianbovell" os-version="24.2.0" cwd="/Users/brianbovell/Projects/Endpoint-Isolation-Workflow" user-domain="" machine-name="Brians-MacBook-Air-2.local" />
  <culture-info current-culture="en-US" current-uiculture="en-US" />
  <test-suite type="TestFixture" name="Pester" executed="True" result="Success" success="True" time="0.1725" asserts="0" description="Pester">
    <results>
      <test-suite type="TestFixture" name="/Users/brianbovell/Projects/Endpoint-Isolation-Workflow/tests/RealTimeEndpointIsolationWorkflow.Tests.ps1" executed="True" result="Success" success="True" time="0.1725" asserts="0" description="/Users/brianbovell/Projects/Endpoint-Isolation-Workflow/tests/RealTimeEndpointIsolationWorkflow.Tests.ps1">
        <results>
          <test-suite type="TestFixture" name="Simple Test" executed="True" result="Success" success="True" time="0.0521" asserts="0" description="Simple Test">
            <results>
              <test-case description="Should pass" name="Simple Test.Should pass" time="0.0346" asserts="0" success="True" result="Success" executed="True" />
            </results>
          </test-suite>
        </results>
      </test-suite>
    </results>
  </test-suite>
</test-results>